#
# There is insufficient memory for the Java Runtime Environment to continue.
# Native memory allocation (mmap) failed to map 266338304 bytes. Error detail: G1 virtual space
# Possible reasons:
#   The system is out of physical RAM or swap space
#   This process is running with CompressedOops enabled, and the Java Heap may be blocking the growth of the native heap
# Possible solutions:
#   Reduce memory load on the system
#   Increase physical memory or swap space
#   Check if swap backing store is full
#   Decrease Java heap size (-Xmx/-Xms)
#   Decrease number of Java threads
#   Decrease Java thread stack sizes (-Xss)
#   Set larger code cache with -XX:ReservedCodeCacheSize=
#   JVM is running with Zero Based Compressed Oops mode in which the Java heap is
#     placed in the first 32GB address space. The Java Heap base address is the
#     maximum limit for the native heap growth. Please use -XX:HeapBaseMinAddress
#     to set the Java Heap base and to place the Java Heap above 32GB virtual address.
# This output file may be truncated or incomplete.
#
#  Out of Memory Error (os_windows.cpp:3554), pid=2832, tid=4932
#
# JRE version:  (25.0+37) (build )
# Java VM: Java HotSpot(TM) 64-Bit Server VM (25+37-LTS-3491, mixed mode, sharing, tiered, compressed oops, compressed class ptrs, g1 gc, windows-amd64)
# No core dump will be written. Minidumps are not enabled by default on client versions of Windows
#

---------------  S U M M A R Y ------------

Command Line: -Dfile.encoding=UTF-8 -Dstdout.encoding=UTF-8 -Dstderr.encoding=UTF-8 -XX:+ShowCodeDetailsInExceptionMessages ejercicio2.Ejercicio2

Host: Intel(R) Core(TM) i5-10400 CPU @ 2.90GHz, 12 cores, 15G,  Windows 11 , 64 bit Build 26100 (10.0.26100.5074)
Time: Thu Oct  9 20:59:39 2025 Hora de verano romance elapsed time: 1.059507 seconds (0d 0h 0m 1s)

---------------  T H R E A D  ---------------

Current thread (0x000002a122140ee0):  JavaThread "Unknown thread" [_thread_in_vm, id=4932, stack(0x000000b6cbd00000,0x000000b6cbe00000) (1024K)]

Stack: [0x000000b6cbd00000,0x000000b6cbe00000]
Native frames: (J=compiled Java code, j=interpreted, Vv=VM code, C=native code)
V  [jvm.dll+0x7a6a39]  (no source info available)
V  [jvm.dll+0x7727ed]  (no source info available)
V  [jvm.dll+0x965f33]  (no source info available)
V  [jvm.dll+0x968531]  (no source info available)
V  [jvm.dll+0x968c33]  (no source info available)
V  [jvm.dll+0x2fc756]  (no source info available)
V  [jvm.dll+0x7a2c65]  (no source info available)
V  [jvm.dll+0x796077]  (no source info available)
V  [jvm.dll+0x3f4698]  (no source info available)
V  [jvm.dll+0x3fc5b6]  (no source info available)
V  [jvm.dll+0x3e8c8e]  (no source info available)
V  [jvm.dll+0x3e8f48]  (no source info available)
V  [jvm.dll+0x3c0045]  (no source info available)
V  [jvm.dll+0x3c0cce]  (no source info available)
V  [jvm.dll+0x92c647]  (no source info available)
V  [jvm.dll+0x458b62]  (no source info available)
V  [jvm.dll+0x90fff2]  (no source info available)
V  [jvm.dll+0x4f9001]  (no source info available)
V  [jvm.dll+0x4fa891]  (no source info available)
C  [jli.dll+0x543e]  (no source info available)
C  [ucrtbase.dll+0x37b0]  (no source info available)
C  [KERNEL32.DLL+0x2e8d7]  (no source info available)
C  [ntdll.dll+0x8d9c]  (no source info available)

Lock stack of current Java thread (top to bottom):


---------------  P R O C E S S  ---------------

Threads class SMR info:
_java_thread_list=0x00007ff96de65308, length=0, elements={
}

Java Threads: ( => current thread )
Total: 0

Other Threads:
  0x000002a1246d53b0 WorkerThread "GC Thread#0"                     [id=13492, stack(0x000000b6cbe00000,0x000000b6cbf00000) (1024K)]
  0x000002a1246ef710 ConcurrentGCThread "G1 Main Marker"            [id=17288, stack(0x000000b6cbf00000,0x000000b6cc000000) (1024K)]
  0x000002a1246f02b0 WorkerThread "G1 Conc#0"                       [id=9304, stack(0x000000b6cc000000,0x000000b6cc100000) (1024K)]

[error occurred during error reporting (printing all threads), id 0xc0000005, EXCEPTION_ACCESS_VIOLATION (0xc0000005) at pc=0x00007ff96d544c2a]
VM state: not at safepoint (not fully initialized)

VM Mutex/Monitor currently owned by a thread:  ([mutex/lock_event])
[0x00007ff96dee9628] Heap_lock - owner thread: 0x000002a122140ee0

Heap address: 0x0000000702a00000, size: 4054 MB, Compressed Oops mode: Zero based, Oop shift amount: 3

CDS archive(s) mapped at: [0x0000000000000000-0x0000000000000000-0x0000000000000000), size 0, SharedBaseAddress: 0x0000000800000000, ArchiveRelocationMode: 1.
UseCompressedClassPointers 1, UseCompactObjectHeaders 0
Narrow klass pointer bits 32, Max shift 3
Narrow klass base: 0xffffffffffffffff, Narrow klass shift: -1
Encoding Range: [0xffffffffffffffff - 0x000000007fffffff), (2147483648 bytes)
Klass Range:    [0x0000000000000000 - 0x0000000000000000), (0 bytes)
Klass ID Range:  [4294967295 - 0) (1)
No protection zone.

GC Precious Log:
 CardTable entry size: 512
 Card Set container configuration: InlinePtr #cards 4 size 8 Array Of Cards #cards 16 size 48 Howl #buckets 8 coarsen threshold 3686 Howl Bitmap #cards 512 size 80 coarsen threshold 460 Card regions per heap region 1 cards per card region 4096

Heap:
 garbage-first heap   total reserved 4151296K, committed 0K, used 0K [0x0000000702a00000, 0x0000000800000000)
  region size 2048K, 0 young (0K), 0 survivors (0K)

Heap Regions: E=young(eden), S=young(survivor), O=old, HS=humongous(starts), HC=humongous(continues), CS=collection set, F=free, TAMS=top-at-mark-start, PB=parsable bottom

Card table byte_map: [0x000002a13cc30000,0x000002a13d420000] _byte_map_base: 0x000002a13941b000

Marking Bits: (CMBitMap*) 0x000002a1246d5b40
 Bits: [0x000002a13d420000, 0x000002a141378000)

GC Heap Usage History (0 events):
No events

Metaspace Usage History (0 events):
No events

Dll operation events (1 events):
Event: 0.011 Loaded shared library C:\Program Files\Java\jdk-25\bin\java.dll

Deoptimization events (0 events):
No events

Classes loaded (0 events):
No events

Classes unloaded (0 events):
No events

Classes redefined (0 events):
No events

Internal exceptions (0 events):
No events

VM Operations (0 events):
No events

Memory protections (0 events):
No events

Nmethod flushes (0 events):
No events

Events (0 events):
No events


Dynamic libraries:
0x00007ff6a67f0000 - 0x00007ff6a6800000 	C:\Program Files\Java\jdk-25\bin\javaw.exe
0x00007ff9d06c0000 - 0x00007ff9d0929000 	C:\WINDOWS\SYSTEM32\ntdll.dll
0x00007ff9ce750000 - 0x00007ff9ce819000 	C:\WINDOWS\System32\KERNEL32.DLL
0x00007ff9cdb10000 - 0x00007ff9cdf03000 	C:\WINDOWS\System32\KERNELBASE.dll
0x00007ff9cdf10000 - 0x00007ff9ce05b000 	C:\WINDOWS\System32\ucrtbase.dll
0x00007ff99fc30000 - 0x00007ff99fc4e000 	C:\Program Files\Java\jdk-25\bin\VCRUNTIME140.dll
0x00007ff9ae850000 - 0x00007ff9ae867000 	C:\Program Files\Java\jdk-25\bin\jli.dll
0x00007ff9cfbd0000 - 0x00007ff9cfd94000 	C:\WINDOWS\System32\USER32.dll
0x00007ff9ce0f0000 - 0x00007ff9ce117000 	C:\WINDOWS\System32\win32u.dll
0x00007ff9d05e0000 - 0x00007ff9d060b000 	C:\WINDOWS\System32\GDI32.dll
0x00007ff9ce360000 - 0x00007ff9ce48d000 	C:\WINDOWS\System32\gdi32full.dll
0x00007ff9cd850000 - 0x00007ff9cd8f3000 	C:\WINDOWS\System32\msvcp_win.dll
0x00007ff9b0110000 - 0x00007ff9b03a3000 	C:\WINDOWS\WinSxS\amd64_microsoft.windows.common-controls_6595b64144ccf1df_6.0.26100.5074_none_3e0d6f78e32fd63f\COMCTL32.dll
0x00007ff9cf110000 - 0x00007ff9cf1b9000 	C:\WINDOWS\System32\msvcrt.dll
0x00007ff9d0230000 - 0x00007ff9d025f000 	C:\WINDOWS\System32\IMM32.DLL
0x00007ff9afdd0000 - 0x00007ff9afddc000 	C:\Program Files\Java\jdk-25\bin\vcruntime140_1.dll
0x00007ff983b40000 - 0x00007ff983bcd000 	C:\Program Files\Java\jdk-25\bin\msvcp140.dll
0x00007ff96d170000 - 0x00007ff96dfcf000 	C:\Program Files\Java\jdk-25\bin\server\jvm.dll
0x00007ff9d0520000 - 0x00007ff9d05d4000 	C:\WINDOWS\System32\ADVAPI32.dll
0x00007ff9cf1c0000 - 0x00007ff9cf266000 	C:\WINDOWS\System32\sechost.dll
0x00007ff9cfab0000 - 0x00007ff9cfbc8000 	C:\WINDOWS\System32\RPCRT4.dll
0x00007ff9cf280000 - 0x00007ff9cf2f4000 	C:\WINDOWS\System32\WS2_32.dll
0x00007ff9cd6b0000 - 0x00007ff9cd70e000 	C:\WINDOWS\SYSTEM32\POWRPROF.dll
0x00007ff9cb3f0000 - 0x00007ff9cb3fb000 	C:\WINDOWS\SYSTEM32\VERSION.dll
0x00007ff9b17e0000 - 0x00007ff9b1815000 	C:\WINDOWS\SYSTEM32\WINMM.dll
0x00007ff9cd690000 - 0x00007ff9cd6a4000 	C:\WINDOWS\SYSTEM32\UMPDC.dll
0x00007ff9cc630000 - 0x00007ff9cc64b000 	C:\WINDOWS\SYSTEM32\kernel.appcore.dll
0x00007ff9af4d0000 - 0x00007ff9af4da000 	C:\Program Files\Java\jdk-25\bin\jimage.dll
0x00007ff9be030000 - 0x00007ff9be272000 	C:\WINDOWS\SYSTEM32\DBGHELP.DLL
0x00007ff9cf690000 - 0x00007ff9cfa0b000 	C:\WINDOWS\System32\combase.dll
0x00007ff9ce670000 - 0x00007ff9ce747000 	C:\WINDOWS\System32\OLEAUT32.dll
0x00007ff9ba4f0000 - 0x00007ff9ba52d000 	C:\WINDOWS\SYSTEM32\dbgcore.DLL
0x00007ff9cda70000 - 0x00007ff9cdb09000 	C:\WINDOWS\System32\bcryptPrimitives.dll
0x00007ff99e460000 - 0x00007ff99e47f000 	C:\Program Files\Java\jdk-25\bin\java.dll
0x00007ff9cf490000 - 0x00007ff9cf628000 	C:\WINDOWS\System32\ole32.dll
0x00007ff9ce9b0000 - 0x00007ff9cf0fd000 	C:\WINDOWS\System32\SHELL32.dll
0x00007ff9cd900000 - 0x00007ff9cda6c000 	C:\WINDOWS\System32\wintypes.dll

JVMTI agents: none

dbghelp: loaded successfully - version: 4.0.5 - missing functions: none
symbol engine: initialized successfully - sym options: 0x614 - pdb path: .;C:\Program Files\Java\jdk-25\bin;C:\WINDOWS\SYSTEM32;C:\WINDOWS\WinSxS\amd64_microsoft.windows.common-controls_6595b64144ccf1df_6.0.26100.5074_none_3e0d6f78e32fd63f;C:\Program Files\Java\jdk-25\bin\server

VM Arguments:
jvm_args: -Dfile.encoding=UTF-8 -Dstdout.encoding=UTF-8 -Dstderr.encoding=UTF-8 -XX:+ShowCodeDetailsInExceptionMessages 
java_command: ejercicio2.Ejercicio2
java_class_path (initial): C:\Users\DAM1\Documents\JavaDocs\AbrilJose27\bin
Launcher Type: SUN_STANDARD

[Global flags]
     intx CICompilerCount                          = 4                                         {product} {ergonomic}
     uint ConcGCThreads                            = 3                                         {product} {ergonomic}
     uint G1ConcRefinementThreads                  = 10                                        {product} {ergonomic}
   size_t G1HeapRegionSize                         = 2097152                                   {product} {ergonomic}
   size_t InitialHeapSize                          = 266338304                                 {product} {ergonomic}
   size_t MarkStackSize                            = 4194304                                   {product} {ergonomic}
   size_t MarkStackSizeMax                         = 536870912                                 {product} {ergonomic}
   size_t MaxHeapSize                              = 4250927104                                {product} {ergonomic}
   size_t MinHeapDeltaBytes                        = 2097152                                   {product} {ergonomic}
   size_t MinHeapSize                              = 8388608                                   {product} {ergonomic}
    uintx NonNMethodCodeHeapSize                   = 5832704                                {pd product} {ergonomic}
    uintx NonProfiledCodeHeapSize                  = 122945536                              {pd product} {ergonomic}
    uintx ProfiledCodeHeapSize                     = 122880000                              {pd product} {ergonomic}
    uintx ReservedCodeCacheSize                    = 251658240                              {pd product} {ergonomic}
     bool SegmentedCodeCache                       = true                                      {product} {ergonomic}
     bool ShowCodeDetailsInExceptionMessages       = true                                   {manageable} {command line}
   size_t SoftMaxHeapSize                          = 4250927104                             {manageable} {ergonomic}
     bool UseCompressedOops                        = true                           {product lp64_product} {ergonomic}
     bool UseG1GC                                  = true                                      {product} {ergonomic}
     bool UseLargePagesIndividualAllocation        = false                                  {pd product} {ergonomic}

Logging:
Log output configuration:
 #0: stdout all=warning uptime,level,tags foldmultilines=false
 #1: stderr all=off uptime,level,tags foldmultilines=false

Release file:
<release file has not been read>
Environment Variables:
PATH=C:/Program Files/eclipse//plugins/org.eclipse.justj.openjdk.hotspot.jre.full.win32.x86_64_21.0.8.v20250724-1412/jre/bin/server;C:/Program Files/eclipse//plugins/org.eclipse.justj.openjdk.hotspot.jre.full.win32.x86_64_21.0.8.v20250724-1412/jre/bin;C:\Program Files\Common Files\Oracle\Java\javapath;C:\WINDOWS\system32;C:\WINDOWS;C:\WINDOWS\System32\Wbem;C:\WINDOWS\System32\WindowsPowerShell\v1.0\;C:\WINDOWS\System32\OpenSSH\;C:\Program Files\Git\cmd;C:\Users\DAM1\AppData\Local\Microsoft\WindowsApps;C:\Users\DAM1\AppData\Local\Programs\Microsoft VS Code\bin;C:\Program Files\eclipse;
USERNAME=DAM1
OS=Windows_NT
PROCESSOR_IDENTIFIER=Intel64 Family 6 Model 165 Stepping 5, GenuineIntel
TMP=C:\Users\DAM1\AppData\Local\Temp
TEMP=C:\Users\DAM1\AppData\Local\Temp




Compilation memory statistics disabled.

Periodic native trim disabled

---------------  S Y S T E M  ---------------

OS:
 Windows 11 , 64 bit Build 26100 (10.0.26100.5074)
OS uptime: 13 days 18:21 hours

CPU: total 12 (initial active 12) (6 cores per cpu, 2 threads per core) family 6 model 165 stepping 5 microcode 0xec, cx8, cmov, fxsr, ht, mmx, 3dnowpref, sse, sse2, sse3, ssse3, sse4.1, sse4.2, popcnt, lzcnt, tsc, tscinvbit, avx, avx2, aes, erms, clmul, bmi1, bmi2, adx, fma, vzeroupper, clflush, clflushopt, rdtscp, f16c, pku
Processor Information for the first 12 processors :
  Max Mhz: 2904, Current Mhz: 2904, Mhz Limit: 2904

Memory: 4k page, system-wide physical 16213M (5796M free)
TotalPageFile size 65365M (AvailPageFile size 229M)
current process WorkingSet (physical memory assigned to process): 13M, peak: 13M
current process commit charge ("private bytes"): 65M, peak: 319M

vm_info: Java HotSpot(TM) 64-Bit Server VM (25+37-LTS-3491) for windows-amd64 JRE (25+37-LTS-3491), built on 2025-08-14T21:13:00Z with unknown MS VC++:1943

END.
